#
# There is insufficient memory for the Java Runtime Environment to continue.
# Native memory allocation (malloc) failed to allocate 193616 bytes for Chunk::new
# Possible reasons:
#   The system is out of physical RAM or swap space
#   The process is running with CompressedOops enabled, and the Java Heap may be blocking the growth of the native heap
# Possible solutions:
#   Reduce memory load on the system
#   Increase physical memory or swap space
#   Check if swap backing store is full
#   Decrease Java heap size (-Xmx/-Xms)
#   Decrease number of Java threads
#   Decrease Java thread stack sizes (-Xss)
#   Set larger code cache with -XX:ReservedCodeCacheSize=
#   JVM is running with Zero Based Compressed Oops mode in which the Java heap is
#     placed in the first 32GB address space. The Java Heap base address is the
#     maximum limit for the native heap growth. Please use -XX:HeapBaseMinAddress
#     to set the Java Heap base and to place the Java Heap above 32GB virtual address.
# This output file may be truncated or incomplete.
#
#  Out of Memory Error (arena.cpp:168), pid=33348, tid=6600
#
# JRE version: Java(TM) SE Runtime Environment (21.0.8+12) (build 21.0.8+12-LTS-250)
# Java VM: Java HotSpot(TM) 64-Bit Server VM (21.0.8+12-LTS-250, mixed mode, sharing, tiered, compressed oops, compressed class ptrs, g1 gc, windows-amd64)
# No core dump will be written. Minidumps are not enabled by default on client versions of Windows
#

---------------  S U M M A R Y ------------

Command Line: com.ciesa.CiesaApplication

Host: 12th Gen Intel(R) Core(TM) i7-12700H, 20 cores, 15G,  Windows 11 , 64 bit Build 26100 (10.0.26100.7920)
Time: Sun Mar  1 20:11:48 2026 Hora est嫕dar, Am廨ica Central elapsed time: 3355.648772 seconds (0d 0h 55m 55s)

---------------  T H R E A D  ---------------

Current thread (0x000001879ea8e050):  JavaThread "C2 CompilerThread0" daemon [_thread_in_native, id=6600, stack(0x0000005c9f900000,0x0000005c9fa00000) (1024K)]


Current CompileTask:
C2:3355649 9881       4       java.util.concurrent.locks.AbstractQueuedSynchronizer$ConditionObject::awaitNanos (207 bytes)

Stack: [0x0000005c9f900000,0x0000005c9fa00000]
Native frames: (J=compiled Java code, j=interpreted, Vv=VM code, C=native code)
V  [jvm.dll+0x6cc179]
V  [jvm.dll+0x8584c1]
V  [jvm.dll+0x85a9ee]
V  [jvm.dll+0x85b0c3]
V  [jvm.dll+0x27ebf6]
V  [jvm.dll+0xc4f4d]
V  [jvm.dll+0xc5483]
V  [jvm.dll+0x3b6abc]
V  [jvm.dll+0x1e0559]
V  [jvm.dll+0x2477c2]
V  [jvm.dll+0x246c4f]
V  [jvm.dll+0x1c7a3e]
V  [jvm.dll+0x256359]
V  [jvm.dll+0x2548ea]
V  [jvm.dll+0x3efef6]
V  [jvm.dll+0x80279b]
V  [jvm.dll+0x6ca85d]
C  [ucrtbase.dll+0x37b0]
C  [KERNEL32.DLL+0x2e8d7]
C  [ntdll.dll+0x8c48c]


---------------  P R O C E S S  ---------------

Threads class SMR info:
_java_thread_list=0x00000187e5df7ce0, length=28, elements={
0x000001879ea854c0, 0x000001879dc7e290, 0x000001879ea87f20, 0x000001879ea88f80,
0x000001879ea8c750, 0x000001879ea8d2d0, 0x000001879ea8e050, 0x000001879ea8f380,
0x000001879ecf6ce0, 0x000001879ed00700, 0x00000187e6569c30, 0x00000187e854ea50,
0x00000187e5715ec0, 0x00000187e5716d30, 0x000001879eb799d0, 0x00000187eafe74a0,
0x00000187eafe6e10, 0x00000187eafe60f0, 0x00000187eafe81c0, 0x00000187eafe7b30,
0x00000187eafe6780, 0x00000187eafe8850, 0x00000187eafe8ee0, 0x00000187eafe5a60,
0x00000187eafec360, 0x00000187eafe9570, 0x00000187eafec9f0, 0x00000187eafebcd0
}

Java Threads: ( => current thread )
  0x000001879ea854c0 JavaThread "Reference Handler"          daemon [_thread_blocked, id=3160, stack(0x0000005c9f300000,0x0000005c9f400000) (1024K)]
  0x000001879dc7e290 JavaThread "Finalizer"                  daemon [_thread_blocked, id=14540, stack(0x0000005c9f400000,0x0000005c9f500000) (1024K)]
  0x000001879ea87f20 JavaThread "Signal Dispatcher"          daemon [_thread_blocked, id=6704, stack(0x0000005c9f500000,0x0000005c9f600000) (1024K)]
  0x000001879ea88f80 JavaThread "Attach Listener"            daemon [_thread_blocked, id=14232, stack(0x0000005c9f600000,0x0000005c9f700000) (1024K)]
  0x000001879ea8c750 JavaThread "Service Thread"             daemon [_thread_blocked, id=3768, stack(0x0000005c9f700000,0x0000005c9f800000) (1024K)]
  0x000001879ea8d2d0 JavaThread "Monitor Deflation Thread"   daemon [_thread_blocked, id=6868, stack(0x0000005c9f800000,0x0000005c9f900000) (1024K)]
=>0x000001879ea8e050 JavaThread "C2 CompilerThread0"         daemon [_thread_in_native, id=6600, stack(0x0000005c9f900000,0x0000005c9fa00000) (1024K)]
  0x000001879ea8f380 JavaThread "C1 CompilerThread0"         daemon [_thread_blocked, id=27776, stack(0x0000005c9fa00000,0x0000005c9fb00000) (1024K)]
  0x000001879ecf6ce0 JavaThread "Notification Thread"        daemon [_thread_blocked, id=4568, stack(0x0000005c9fc00000,0x0000005c9fd00000) (1024K)]
  0x000001879ed00700 JavaThread "Common-Cleaner"             daemon [_thread_blocked, id=35484, stack(0x0000005c9fd00000,0x0000005c9fe00000) (1024K)]
  0x00000187e6569c30 JavaThread "Catalina-utility-1"                [_thread_blocked, id=7824, stack(0x0000005ca1400000,0x0000005ca1500000) (1024K)]
  0x00000187e854ea50 JavaThread "Catalina-utility-2"                [_thread_blocked, id=16436, stack(0x0000005ca1500000,0x0000005ca1600000) (1024K)]
  0x00000187e5715ec0 JavaThread "container-0"                       [_thread_blocked, id=11740, stack(0x0000005ca1600000,0x0000005ca1700000) (1024K)]
  0x00000187e5716d30 JavaThread "mysql-cj-abandoned-connection-cleanup" daemon [_thread_blocked, id=34948, stack(0x0000005ca1700000,0x0000005ca1800000) (1024K)]
  0x000001879eb799d0 JavaThread "HikariPool-1 housekeeper"   daemon [_thread_blocked, id=32584, stack(0x0000005c9fb00000,0x0000005c9fc00000) (1024K)]
  0x00000187eafe74a0 JavaThread "http-nio-80-exec-1"         daemon [_thread_blocked, id=41512, stack(0x0000005ca1b00000,0x0000005ca1c00000) (1024K)]
  0x00000187eafe6e10 JavaThread "http-nio-80-exec-2"         daemon [_thread_blocked, id=22064, stack(0x0000005ca1c00000,0x0000005ca1d00000) (1024K)]
  0x00000187eafe60f0 JavaThread "http-nio-80-exec-3"         daemon [_thread_blocked, id=36096, stack(0x0000005ca1d00000,0x0000005ca1e00000) (1024K)]
  0x00000187eafe81c0 JavaThread "http-nio-80-exec-4"         daemon [_thread_blocked, id=42480, stack(0x0000005ca1e00000,0x0000005ca1f00000) (1024K)]
  0x00000187eafe7b30 JavaThread "http-nio-80-exec-5"         daemon [_thread_blocked, id=33776, stack(0x0000005ca1f00000,0x0000005ca2000000) (1024K)]
  0x00000187eafe6780 JavaThread "http-nio-80-exec-6"         daemon [_thread_blocked, id=12964, stack(0x0000005ca2000000,0x0000005ca2100000) (1024K)]
  0x00000187eafe8850 JavaThread "http-nio-80-exec-7"         daemon [_thread_blocked, id=41492, stack(0x0000005ca2100000,0x0000005ca2200000) (1024K)]
  0x00000187eafe8ee0 JavaThread "http-nio-80-exec-8"         daemon [_thread_blocked, id=30432, stack(0x0000005ca2200000,0x0000005ca2300000) (1024K)]
  0x00000187eafe5a60 JavaThread "http-nio-80-exec-9"         daemon [_thread_blocked, id=27388, stack(0x0000005ca2300000,0x0000005ca2400000) (1024K)]
  0x00000187eafec360 JavaThread "http-nio-80-exec-10"        daemon [_thread_blocked, id=31172, stack(0x0000005ca2400000,0x0000005ca2500000) (1024K)]
  0x00000187eafe9570 JavaThread "http-nio-80-Poller"         daemon [_thread_in_native, id=30264, stack(0x0000005ca2500000,0x0000005ca2600000) (1024K)]
  0x00000187eafec9f0 JavaThread "http-nio-80-Acceptor"       daemon [_thread_in_native, id=21664, stack(0x0000005ca2600000,0x0000005ca2700000) (1024K)]
  0x00000187eafebcd0 JavaThread "DestroyJavaVM"                     [_thread_blocked, id=28076, stack(0x0000005c9eb00000,0x0000005c9ec00000) (1024K)]
Total: 28

Other Threads:
  0x000001879dc604f0 VMThread "VM Thread"                           [id=27568, stack(0x0000005c9f200000,0x0000005c9f300000) (1024K)]
  0x000001879dc4f850 WatcherThread "VM Periodic Task Thread"        [id=22256, stack(0x0000005c9f100000,0x0000005c9f200000) (1024K)]
  0x00000187fe818630 WorkerThread "GC Thread#0"                     [id=43420, stack(0x0000005c9ec00000,0x0000005c9ed00000) (1024K)]
  0x00000187e4b0f8c0 WorkerThread "GC Thread#1"                     [id=14168, stack(0x0000005ca0100000,0x0000005ca0200000) (1024K)]
  0x00000187e47d9710 WorkerThread "GC Thread#2"                     [id=11548, stack(0x0000005ca0200000,0x0000005ca0300000) (1024K)]
  0x00000187e47d9ec0 WorkerThread "GC Thread#3"                     [id=38236, stack(0x0000005ca0300000,0x0000005ca0400000) (1024K)]
  0x00000187e4c0f070 WorkerThread "GC Thread#4"                     [id=17776, stack(0x0000005ca0400000,0x0000005ca0500000) (1024K)]
  0x00000187e4c0f410 WorkerThread "GC Thread#5"                     [id=42256, stack(0x0000005ca0500000,0x0000005ca0600000) (1024K)]
  0x00000187e4daa650 WorkerThread "GC Thread#6"                     [id=12012, stack(0x0000005ca0700000,0x0000005ca0800000) (1024K)]
  0x00000187e5f69110 WorkerThread "GC Thread#7"                     [id=42856, stack(0x0000005ca0600000,0x0000005ca0700000) (1024K)]
  0x00000187e5f67ef0 WorkerThread "GC Thread#8"                     [id=30420, stack(0x0000005ca0a00000,0x0000005ca0b00000) (1024K)]
  0x00000187e5f68290 WorkerThread "GC Thread#9"                     [id=40108, stack(0x0000005ca0b00000,0x0000005ca0c00000) (1024K)]
  0x00000187e5f677b0 WorkerThread "GC Thread#10"                    [id=36920, stack(0x0000005ca0c00000,0x0000005ca0d00000) (1024K)]
  0x00000187e5f68630 WorkerThread "GC Thread#11"                    [id=7612, stack(0x0000005ca0d00000,0x0000005ca0e00000) (1024K)]
  0x00000187e5f67b50 WorkerThread "GC Thread#12"                    [id=5896, stack(0x0000005ca0e00000,0x0000005ca0f00000) (1024K)]
  0x00000187e5f689d0 WorkerThread "GC Thread#13"                    [id=17508, stack(0x0000005ca0f00000,0x0000005ca1000000) (1024K)]
  0x00000187e5f68d70 WorkerThread "GC Thread#14"                    [id=37836, stack(0x0000005ca1000000,0x0000005ca1100000) (1024K)]
  0x00000187fe829120 ConcurrentGCThread "G1 Main Marker"            [id=12516, stack(0x0000005c9ed00000,0x0000005c9ee00000) (1024K)]
  0x00000187fe829c20 WorkerThread "G1 Conc#0"                       [id=10300, stack(0x0000005c9ee00000,0x0000005c9ef00000) (1024K)]
  0x00000187e72755c0 WorkerThread "G1 Conc#1"                       [id=32036, stack(0x0000005ca1100000,0x0000005ca1200000) (1024K)]
  0x00000187e72784e0 WorkerThread "G1 Conc#2"                       [id=40488, stack(0x0000005ca1200000,0x0000005ca1300000) (1024K)]
  0x00000187e7275960 WorkerThread "G1 Conc#3"                       [id=42392, stack(0x0000005ca1300000,0x0000005ca1400000) (1024K)]
  0x000001879db218b0 ConcurrentGCThread "G1 Refine#0"               [id=39592, stack(0x0000005c9ef00000,0x0000005c9f000000) (1024K)]
  0x000001879db222c0 ConcurrentGCThread "G1 Service"                [id=4104, stack(0x0000005c9f000000,0x0000005c9f100000) (1024K)]
Total: 24

Threads with active compile tasks:
C2 CompilerThread0  3355686 9881       4       java.util.concurrent.locks.AbstractQueuedSynchronizer$ConditionObject::awaitNanos (207 bytes)
Total: 1

VM state: not at safepoint (normal execution)

VM Mutex/Monitor currently owned by a thread: None

Heap address: 0x0000000704e00000, size: 4018 MB, Compressed Oops mode: Zero based, Oop shift amount: 3

CDS archive(s) mapped at: [0x000001879f000000-0x000001879fc90000-0x000001879fc90000), size 13172736, SharedBaseAddress: 0x000001879f000000, ArchiveRelocationMode: 1.
Compressed class space mapped at: 0x00000187a0000000-0x00000187e0000000, reserved size: 1073741824
Narrow klass base: 0x000001879f000000, Narrow klass shift: 0, Narrow klass range: 0x100000000

GC Precious Log:
 CardTable entry size: 512
 Card Set container configuration: InlinePtr #cards 4 size 8 Array Of Cards #cards 16 size 48 Howl #buckets 8 coarsen threshold 3686 Howl Bitmap #cards 512 size 80 coarsen threshold 460 Card regions per heap region 1 cards per card region 4096
 CPUs: 20 total, 20 available
 Memory: 16068M
 Large Page Support: Disabled
 NUMA Support: Disabled
 Compressed Oops: Enabled (Zero based)
 Heap Region Size: 2M
 Heap Min Capacity: 8M
 Heap Initial Capacity: 252M
 Heap Max Capacity: 4018M
 Pre-touch: Disabled
 Parallel Workers: 15
 Concurrent Workers: 4
 Concurrent Refinement Workers: 15
 Periodic GC: Disabled

Heap:
 garbage-first heap   total 126976K, used 101995K [0x0000000704e00000, 0x0000000800000000)
  region size 2048K, 15 young (30720K), 3 survivors (6144K)
 Metaspace       used 83687K, committed 84480K, reserved 1179648K
  class space    used 10947K, committed 11328K, reserved 1048576K

Heap Regions: E=young(eden), S=young(survivor), O=old, HS=humongous(starts), HC=humongous(continues), CS=collection set, F=free, TAMS=top-at-mark-start, PB=parsable bottom
|   0|0x0000000704e00000, 0x0000000705000000, 0x0000000705000000|100%| O|  |TAMS 0x0000000704e00000| PB 0x0000000704e00000| Untracked 
|   1|0x0000000705000000, 0x0000000705200000, 0x0000000705200000|100%| O|  |TAMS 0x0000000705000000| PB 0x0000000705000000| Untracked 
|   2|0x0000000705200000, 0x0000000705400000, 0x0000000705400000|100%| O|  |TAMS 0x0000000705200000| PB 0x0000000705200000| Untracked 
|   3|0x0000000705400000, 0x0000000705600000, 0x0000000705600000|100%| O|  |TAMS 0x0000000705400000| PB 0x0000000705400000| Untracked 
|   4|0x0000000705600000, 0x0000000705800000, 0x0000000705800000|100%| O|  |TAMS 0x0000000705600000| PB 0x0000000705600000| Untracked 
|   5|0x0000000705800000, 0x0000000705a00000, 0x0000000705a00000|100%| O|  |TAMS 0x0000000705800000| PB 0x0000000705800000| Untracked 
|   6|0x0000000705a00000, 0x0000000705c00000, 0x0000000705c00000|100%| O|  |TAMS 0x0000000705a00000| PB 0x0000000705a00000| Untracked 
|   7|0x0000000705c00000, 0x0000000705e00000, 0x0000000705e00000|100%| O|  |TAMS 0x0000000705c00000| PB 0x0000000705c00000| Untracked 
|   8|0x0000000705e00000, 0x0000000706000000, 0x0000000706000000|100%| O|  |TAMS 0x0000000705e00000| PB 0x0000000705e00000| Untracked 
|   9|0x0000000706000000, 0x0000000706200000, 0x0000000706200000|100%| O|  |TAMS 0x0000000706000000| PB 0x0000000706000000| Untracked 
|  10|0x0000000706200000, 0x0000000706400000, 0x0000000706400000|100%| O|  |TAMS 0x0000000706200000| PB 0x0000000706200000| Untracked 
|  11|0x0000000706400000, 0x0000000706600000, 0x0000000706600000|100%| O|  |TAMS 0x0000000706400000| PB 0x0000000706400000| Untracked 
|  12|0x0000000706600000, 0x0000000706800000, 0x0000000706800000|100%| O|  |TAMS 0x0000000706600000| PB 0x0000000706600000| Untracked 
|  13|0x0000000706800000, 0x0000000706a00000, 0x0000000706a00000|100%| O|  |TAMS 0x0000000706800000| PB 0x0000000706800000| Untracked 
|  14|0x0000000706a00000, 0x0000000706c00000, 0x0000000706c00000|100%| O|  |TAMS 0x0000000706a00000| PB 0x0000000706a00000| Untracked 
|  15|0x0000000706c00000, 0x0000000706e00000, 0x0000000706e00000|100%| O|  |TAMS 0x0000000706c00000| PB 0x0000000706c00000| Untracked 
|  16|0x0000000706e00000, 0x0000000707000000, 0x0000000707000000|100%| O|  |TAMS 0x0000000706e00000| PB 0x0000000706e00000| Untracked 
|  17|0x0000000707000000, 0x0000000707200000, 0x0000000707200000|100%| O|  |TAMS 0x0000000707000000| PB 0x0000000707000000| Untracked 
|  18|0x0000000707200000, 0x0000000707400000, 0x0000000707400000|100%| O|  |TAMS 0x0000000707200000| PB 0x0000000707200000| Untracked 
|  19|0x0000000707400000, 0x0000000707600000, 0x0000000707600000|100%| O|  |TAMS 0x0000000707400000| PB 0x0000000707400000| Untracked 
|  20|0x0000000707600000, 0x0000000707800000, 0x0000000707800000|100%| O|  |TAMS 0x0000000707600000| PB 0x0000000707600000| Untracked 
|  21|0x0000000707800000, 0x0000000707a00000, 0x0000000707a00000|100%| O|  |TAMS 0x0000000707800000| PB 0x0000000707800000| Untracked 
|  22|0x0000000707a00000, 0x0000000707a00000, 0x0000000707c00000|  0%| F|  |TAMS 0x0000000707a00000| PB 0x0000000707a00000| Untracked 
|  23|0x0000000707c00000, 0x0000000707e00000, 0x0000000707e00000|100%| O|  |TAMS 0x0000000707c00000| PB 0x0000000707c00000| Untracked 
|  24|0x0000000707e00000, 0x0000000708000000, 0x0000000708000000|100%| O|  |TAMS 0x0000000707e00000| PB 0x0000000707e00000| Untracked 
|  25|0x0000000708000000, 0x0000000708200000, 0x0000000708200000|100%| O|  |TAMS 0x0000000708000000| PB 0x0000000708000000| Untracked 
|  26|0x0000000708200000, 0x0000000708400000, 0x0000000708400000|100%| O|  |TAMS 0x0000000708200000| PB 0x0000000708200000| Untracked 
|  27|0x0000000708400000, 0x0000000708600000, 0x0000000708600000|100%| O|  |TAMS 0x0000000708400000| PB 0x0000000708400000| Untracked 
|  28|0x0000000708600000, 0x0000000708800000, 0x0000000708800000|100%| O|  |TAMS 0x0000000708600000| PB 0x0000000708600000| Untracked 
|  29|0x0000000708800000, 0x0000000708a00000, 0x0000000708a00000|100%| O|  |TAMS 0x0000000708800000| PB 0x0000000708800000| Untracked 
|  30|0x0000000708a00000, 0x0000000708c00000, 0x0000000708c00000|100%| O|  |TAMS 0x0000000708a00000| PB 0x0000000708a00000| Untracked 
|  31|0x0000000708c00000, 0x0000000708e00000, 0x0000000708e00000|100%| O|  |TAMS 0x0000000708c00000| PB 0x0000000708c00000| Untracked 
|  32|0x0000000708e00000, 0x0000000709000000, 0x0000000709000000|100%| O|  |TAMS 0x0000000708e00000| PB 0x0000000708e00000| Untracked 
|  33|0x0000000709000000, 0x0000000709200000, 0x0000000709200000|100%| O|  |TAMS 0x0000000709000000| PB 0x0000000709000000| Untracked 
|  34|0x0000000709200000, 0x0000000709400000, 0x0000000709400000|100%| O|  |TAMS 0x0000000709200000| PB 0x0000000709200000| Untracked 
|  35|0x0000000709400000, 0x0000000709600000, 0x0000000709600000|100%| O|  |TAMS 0x0000000709400000| PB 0x0000000709400000| Untracked 
|  36|0x0000000709600000, 0x0000000709800000, 0x0000000709800000|100%| O|  |TAMS 0x0000000709600000| PB 0x0000000709600000| Untracked 
|  37|0x0000000709800000, 0x0000000709a00000, 0x0000000709a00000|100%| O|  |TAMS 0x0000000709800000| PB 0x0000000709800000| Untracked 
|  38|0x0000000709a00000, 0x0000000709af3640, 0x0000000709c00000| 47%| O|  |TAMS 0x0000000709a00000| PB 0x0000000709a00000| Untracked 
|  39|0x0000000709c00000, 0x0000000709c00000, 0x0000000709e00000|  0%| F|  |TAMS 0x0000000709c00000| PB 0x0000000709c00000| Untracked 
|  40|0x0000000709e00000, 0x0000000709e00000, 0x000000070a000000|  0%| F|  |TAMS 0x0000000709e00000| PB 0x0000000709e00000| Untracked 
|  41|0x000000070a000000, 0x000000070a0a77a0, 0x000000070a200000| 32%| S|CS|TAMS 0x000000070a000000| PB 0x000000070a000000| Complete 
|  42|0x000000070a200000, 0x000000070a200000, 0x000000070a400000|  0%| F|  |TAMS 0x000000070a200000| PB 0x000000070a200000| Untracked 
|  43|0x000000070a400000, 0x000000070a400000, 0x000000070a600000|  0%| F|  |TAMS 0x000000070a400000| PB 0x000000070a400000| Untracked 
|  44|0x000000070a600000, 0x000000070a600000, 0x000000070a800000|  0%| F|  |TAMS 0x000000070a600000| PB 0x000000070a600000| Untracked 
|  45|0x000000070a800000, 0x000000070aa00000, 0x000000070aa00000|100%| S|CS|TAMS 0x000000070a800000| PB 0x000000070a800000| Complete 
|  46|0x000000070aa00000, 0x000000070ac00000, 0x000000070ac00000|100%| S|CS|TAMS 0x000000070aa00000| PB 0x000000070aa00000| Complete 
|  47|0x000000070ac00000, 0x000000070ac00000, 0x000000070ae00000|  0%| F|  |TAMS 0x000000070ac00000| PB 0x000000070ac00000| Untracked 
|  48|0x000000070ae00000, 0x000000070ae00000, 0x000000070b000000|  0%| F|  |TAMS 0x000000070ae00000| PB 0x000000070ae00000| Untracked 
|  49|0x000000070b000000, 0x000000070b000000, 0x000000070b200000|  0%| F|  |TAMS 0x000000070b000000| PB 0x000000070b000000| Untracked 
|  50|0x000000070b200000, 0x000000070b2056a0, 0x000000070b400000|  1%| E|  |TAMS 0x000000070b200000| PB 0x000000070b200000| Complete 
|  51|0x000000070b400000, 0x000000070b600000, 0x000000070b600000|100%| E|CS|TAMS 0x000000070b400000| PB 0x000000070b400000| Complete 
|  52|0x000000070b600000, 0x000000070b800000, 0x000000070b800000|100%| E|CS|TAMS 0x000000070b600000| PB 0x000000070b600000| Complete 
|  53|0x000000070b800000, 0x000000070ba00000, 0x000000070ba00000|100%| E|CS|TAMS 0x000000070b800000| PB 0x000000070b800000| Complete 
|  54|0x000000070ba00000, 0x000000070bc00000, 0x000000070bc00000|100%| E|CS|TAMS 0x000000070ba00000| PB 0x000000070ba00000| Complete 
|  55|0x000000070bc00000, 0x000000070be00000, 0x000000070be00000|100%| E|CS|TAMS 0x000000070bc00000| PB 0x000000070bc00000| Complete 
|  56|0x000000070be00000, 0x000000070c000000, 0x000000070c000000|100%| E|  |TAMS 0x000000070be00000| PB 0x000000070be00000| Complete 
|  94|0x0000000710a00000, 0x0000000710c00000, 0x0000000710c00000|100%| E|CS|TAMS 0x0000000710a00000| PB 0x0000000710a00000| Complete 
|  95|0x0000000710c00000, 0x0000000710e00000, 0x0000000710e00000|100%| E|CS|TAMS 0x0000000710c00000| PB 0x0000000710c00000| Complete 
|  96|0x0000000710e00000, 0x0000000711000000, 0x0000000711000000|100%| E|CS|TAMS 0x0000000710e00000| PB 0x0000000710e00000| Complete 
|  97|0x0000000711000000, 0x0000000711200000, 0x0000000711200000|100%| E|CS|TAMS 0x0000000711000000| PB 0x0000000711000000| Complete 
| 125|0x0000000714800000, 0x0000000714a00000, 0x0000000714a00000|100%| E|CS|TAMS 0x0000000714800000| PB 0x0000000714800000| Complete 

Card table byte_map: [0x00000187973d0000,0x0000018797bb0000] _byte_map_base: 0x0000018793ba9000

Marking Bits: (CMBitMap*) 0x00000187fe818d30
 Bits: [0x0000018797bb0000, 0x000001879ba78000)

Polling page: 0x00000187fc6b0000

Metaspace:

Usage:
  Non-class:     71.04 MB used.
      Class:     10.69 MB used.
       Both:     81.73 MB used.

Virtual space:
  Non-class space:      128.00 MB reserved,      71.44 MB ( 56%) committed,  2 nodes.
      Class space:        1.00 GB reserved,      11.06 MB (  1%) committed,  1 nodes.
             Both:        1.12 GB reserved,      82.50 MB (  7%) committed. 

Chunk freelists:
   Non-Class:  7.83 MB
       Class:  4.89 MB
        Both:  12.72 MB

MaxMetaspaceSize: unlimited
CompressedClassSpaceSize: 1.00 GB
Initial GC threshold: 21.00 MB
Current GC threshold: 122.12 MB
CDS: on
 - commit_granule_bytes: 65536.
 - commit_granule_words: 8192.
 - virtual_space_node_default_size: 8388608.
 - enlarge_chunks_in_place: 1.
 - use_allocation_guard: 0.


Internal statistics:

num_allocs_failed_limit: 15.
num_arena_births: 1104.
num_arena_deaths: 0.
num_vsnodes_births: 3.
num_vsnodes_deaths: 0.
num_space_committed: 1320.
num_space_uncommitted: 0.
num_chunks_returned_to_freelist: 15.
num_chunks_taken_from_freelist: 4074.
num_chunk_merges: 12.
num_chunk_splits: 2939.
num_chunks_enlarged: 2286.
num_inconsistent_stats: 0.

CodeHeap 'non-profiled nmethods': size=119168Kb used=6707Kb max_used=6707Kb free=112461Kb
 bounds [0x000001878ff70000, 0x0000018790600000, 0x00000187973d0000]
CodeHeap 'profiled nmethods': size=119104Kb used=19121Kb max_used=19121Kb free=99982Kb
 bounds [0x00000187883d0000, 0x0000018789680000, 0x000001878f820000]
CodeHeap 'non-nmethods': size=7488Kb used=1779Kb max_used=3522Kb free=5708Kb
 bounds [0x000001878f820000, 0x000001878fc00000, 0x000001878ff70000]
 total_blobs=9639 nmethods=8852 adapters=689
 compilation: enabled
              stopped_count=0, restarted_count=0
 full_count=0

Compilation events (20 events):
Event: 2565.802 Thread 0x000001879ea8f380 nmethod 9871 0x0000018789678a10 code [0x0000018789678bc0, 0x0000018789678de8]
Event: 2565.802 Thread 0x000001879ea8f380 9872       3       org.apache.catalina.webresources.StandardRoot::backgroundProcess (12 bytes)
Event: 2565.802 Thread 0x000001879ea8f380 nmethod 9872 0x0000018789678f10 code [0x00000187896790e0, 0x00000187896792a0]
Event: 2565.802 Thread 0x000001879ea8f380 9873       3       org.apache.catalina.webresources.Cache::backgroundProcess (120 bytes)
Event: 2565.807 Thread 0x000001879ea8f380 nmethod 9873 0x0000018789679390 code [0x0000018789679760, 0x000001878967b3e8]
Event: 2565.807 Thread 0x000001879ea8f380 9874       3       org.apache.catalina.webresources.Cache::evict (79 bytes)
Event: 2565.808 Thread 0x000001879ea8f380 nmethod 9874 0x000001878967bc90 code [0x000001878967bea0, 0x000001878967c528]
Event: 2567.901 Thread 0x000001879ea8e050 9875   !   4       org.apache.tomcat.util.net.NioEndpoint$Poller::events (266 bytes)
Event: 2567.924 Thread 0x000001879ea8e050 nmethod 9875 0x00000187905fa010 code [0x00000187905fa240, 0x00000187905fa930]
Event: 2711.500 Thread 0x000001879ea8e050 9876   !   4       java.util.concurrent.locks.LockSupport::parkNanos (56 bytes)
Event: 2711.502 Thread 0x000001879ea8e050 nmethod 9876 0x00000187905fb010 code [0x00000187905fb1c0, 0x00000187905fb468]
Event: 2713.499 Thread 0x000001879ea8e050 9877       4       java.util.concurrent.locks.AbstractQueuedSynchronizer::acquire (20 bytes)
Event: 2713.502 Thread 0x000001879ea8e050 nmethod 9877 0x00000187905fb590 code [0x00000187905fb720, 0x00000187905fb818]
Event: 2816.064 Thread 0x000001879ea8e050 9878       4       java.util.TreeMap::navigableKeySet (27 bytes)
Event: 2816.067 Thread 0x000001879ea8e050 nmethod 9878 0x00000187905fb910 code [0x00000187905fbaa0, 0x00000187905fbc90]
Event: 2942.504 Thread 0x000001879ea8e050 9879       4       java.util.concurrent.locks.AbstractQueuedSynchronizer$ConditionObject::doSignal (62 bytes)
Event: 2942.520 Thread 0x000001879ea8e050 nmethod 9879 0x00000187905fbd90 code [0x00000187905fbf40, 0x00000187905fc640]
Event: 3296.436 Thread 0x000001879ea8e050 9880       4       java.util.concurrent.CopyOnWriteArrayList::iterator (13 bytes)
Event: 3296.440 Thread 0x000001879ea8e050 nmethod 9880 0x00000187905fc810 code [0x00000187905fc9a0, 0x00000187905fcb20]
Event: 3350.493 Thread 0x000001879ea8e050 9881       4       java.util.concurrent.locks.AbstractQueuedSynchronizer$ConditionObject::awaitNanos (207 bytes)

GC Heap History (20 events):
Event: 2.933 GC heap before
{Heap before GC invocations=6 (full 0):
 garbage-first heap   total 88064K, used 25027K [0x0000000704e00000, 0x0000000800000000)
  region size 2048K, 3 young (6144K), 2 survivors (4096K)
 Metaspace       used 35797K, committed 36288K, reserved 1114112K
  class space    used 4555K, committed 4800K, reserved 1048576K
}
Event: 2.935 GC heap after
{Heap after GC invocations=7 (full 0):
 garbage-first heap   total 88064K, used 24087K [0x0000000704e00000, 0x0000000800000000)
  region size 2048K, 1 young (2048K), 1 survivors (2048K)
 Metaspace       used 35797K, committed 36288K, reserved 1114112K
  class space    used 4555K, committed 4800K, reserved 1048576K
}
Event: 8.209 GC heap before
{Heap before GC invocations=8 (full 0):
 garbage-first heap   total 88064K, used 71191K [0x0000000704e00000, 0x0000000800000000)
  region size 2048K, 24 young (49152K), 1 survivors (2048K)
 Metaspace       used 51853K, committed 52416K, reserved 1114112K
  class space    used 6667K, committed 6912K, reserved 1048576K
}
Event: 8.212 GC heap after
{Heap after GC invocations=9 (full 0):
 garbage-first heap   total 88064K, used 28146K [0x0000000704e00000, 0x0000000800000000)
  region size 2048K, 3 young (6144K), 3 survivors (6144K)
 Metaspace       used 51853K, committed 52416K, reserved 1114112K
  class space    used 6667K, committed 6912K, reserved 1048576K
}
Event: 8.685 GC heap before
{Heap before GC invocations=9 (full 0):
 garbage-first heap   total 88064K, used 58866K [0x0000000704e00000, 0x0000000800000000)
  region size 2048K, 19 young (38912K), 3 survivors (6144K)
 Metaspace       used 60377K, committed 60928K, reserved 1114112K
  class space    used 7941K, committed 8192K, reserved 1048576K
}
Event: 8.689 GC heap after
{Heap after GC invocations=10 (full 0):
 garbage-first heap   total 88064K, used 29457K [0x0000000704e00000, 0x0000000800000000)
  region size 2048K, 3 young (6144K), 3 survivors (6144K)
 Metaspace       used 60377K, committed 60928K, reserved 1114112K
  class space    used 7941K, committed 8192K, reserved 1048576K
}
Event: 8.707 GC heap before
{Heap before GC invocations=10 (full 0):
 garbage-first heap   total 88064K, used 29457K [0x0000000704e00000, 0x0000000800000000)
  region size 2048K, 4 young (8192K), 3 survivors (6144K)
 Metaspace       used 60689K, committed 61248K, reserved 1114112K
  class space    used 7993K, committed 8256K, reserved 1048576K
}
Event: 8.710 GC heap after
{Heap after GC invocations=11 (full 0):
 garbage-first heap   total 88064K, used 29471K [0x0000000704e00000, 0x0000000800000000)
  region size 2048K, 1 young (2048K), 1 survivors (2048K)
 Metaspace       used 60689K, committed 61248K, reserved 1114112K
  class space    used 7993K, committed 8256K, reserved 1048576K
}
Event: 14.448 GC heap before
{Heap before GC invocations=12 (full 0):
 garbage-first heap   total 88064K, used 72479K [0x0000000704e00000, 0x0000000800000000)
  region size 2048K, 23 young (47104K), 1 survivors (2048K)
 Metaspace       used 69104K, committed 69696K, reserved 1114112K
  class space    used 9172K, committed 9408K, reserved 1048576K
}
Event: 14.451 GC heap after
{Heap after GC invocations=13 (full 0):
 garbage-first heap   total 126976K, used 33333K [0x0000000704e00000, 0x0000000800000000)
  region size 2048K, 3 young (6144K), 3 survivors (6144K)
 Metaspace       used 69104K, committed 69696K, reserved 1114112K
  class space    used 9172K, committed 9408K, reserved 1048576K
}
Event: 16.573 GC heap before
{Heap before GC invocations=13 (full 0):
 garbage-first heap   total 126976K, used 100917K [0x0000000704e00000, 0x0000000800000000)
  region size 2048K, 37 young (75776K), 3 survivors (6144K)
 Metaspace       used 73960K, committed 74688K, reserved 1114112K
  class space    used 9797K, committed 10112K, reserved 1048576K
}
Event: 16.580 GC heap after
{Heap after GC invocations=14 (full 0):
 garbage-first heap   total 126976K, used 45834K [0x0000000704e00000, 0x0000000800000000)
  region size 2048K, 5 young (10240K), 5 survivors (10240K)
 Metaspace       used 73960K, committed 74688K, reserved 1114112K
  class space    used 9797K, committed 10112K, reserved 1048576K
}
Event: 16.704 GC heap before
{Heap before GC invocations=14 (full 0):
 garbage-first heap   total 126976K, used 101130K [0x0000000704e00000, 0x0000000800000000)
  region size 2048K, 33 young (67584K), 5 survivors (10240K)
 Metaspace       used 74219K, committed 75008K, reserved 1114112K
  class space    used 9814K, committed 10176K, reserved 1048576K
}
Event: 16.711 GC heap after
{Heap after GC invocations=15 (full 0):
 garbage-first heap   total 126976K, used 58268K [0x0000000704e00000, 0x0000000800000000)
  region size 2048K, 5 young (10240K), 5 survivors (10240K)
 Metaspace       used 74219K, committed 75008K, reserved 1114112K
  class space    used 9814K, committed 10176K, reserved 1048576K
}
Event: 16.745 GC heap before
{Heap before GC invocations=15 (full 0):
 garbage-first heap   total 126976K, used 101276K [0x0000000704e00000, 0x0000000800000000)
  region size 2048K, 27 young (55296K), 5 survivors (10240K)
 Metaspace       used 74262K, committed 75008K, reserved 1114112K
  class space    used 9814K, committed 10176K, reserved 1048576K
}
Event: 16.750 GC heap after
{Heap after GC invocations=16 (full 0):
 garbage-first heap   total 126976K, used 68593K [0x0000000704e00000, 0x0000000800000000)
  region size 2048K, 4 young (8192K), 4 survivors (8192K)
 Metaspace       used 74262K, committed 75008K, reserved 1114112K
  class space    used 9814K, committed 10176K, reserved 1048576K
}
Event: 17.180 GC heap before
{Heap before GC invocations=17 (full 0):
 garbage-first heap   total 126976K, used 101361K [0x0000000704e00000, 0x0000000800000000)
  region size 2048K, 21 young (43008K), 4 survivors (8192K)
 Metaspace       used 75515K, committed 76288K, reserved 1179648K
  class space    used 10021K, committed 10368K, reserved 1048576K
}
Event: 17.184 GC heap after
{Heap after GC invocations=18 (full 0):
 garbage-first heap   total 126976K, used 77088K [0x0000000704e00000, 0x0000000800000000)
  region size 2048K, 3 young (6144K), 3 survivors (6144K)
 Metaspace       used 75515K, committed 76288K, reserved 1179648K
  class space    used 10021K, committed 10368K, reserved 1048576K
}
Event: 29.829 GC heap before
{Heap before GC invocations=18 (full 0):
 garbage-first heap   total 126976K, used 105760K [0x0000000704e00000, 0x0000000800000000)
  region size 2048K, 18 young (36864K), 3 survivors (6144K)
 Metaspace       used 81854K, committed 82624K, reserved 1179648K
  class space    used 10829K, committed 11136K, reserved 1048576K
}
Event: 29.833 GC heap after
{Heap after GC invocations=19 (full 0):
 garbage-first heap   total 126976K, used 81515K [0x0000000704e00000, 0x0000000800000000)
  region size 2048K, 3 young (6144K), 3 survivors (6144K)
 Metaspace       used 81854K, committed 82624K, reserved 1179648K
  class space    used 10829K, committed 11136K, reserved 1048576K
}

Dll operation events (11 events):
Event: 0.005 Loaded shared library C:\Program Files\Java\jdk-21\bin\java.dll
Event: 0.024 Loaded shared library C:\Program Files\Java\jdk-21\bin\jsvml.dll
Event: 0.085 Loaded shared library C:\Program Files\Java\jdk-21\bin\net.dll
Event: 0.087 Loaded shared library C:\Program Files\Java\jdk-21\bin\nio.dll
Event: 0.090 Loaded shared library C:\Program Files\Java\jdk-21\bin\zip.dll
Event: 0.171 Loaded shared library C:\Program Files\Java\jdk-21\bin\verify.dll
Event: 0.178 Loaded shared library C:\Program Files\Java\jdk-21\bin\jimage.dll
Event: 1.250 Loaded shared library C:\Program Files\Java\jdk-21\bin\sunmscapi.dll
Event: 2.568 Loaded shared library C:\Program Files\Java\jdk-21\bin\management.dll
Event: 2.570 Loaded shared library C:\Program Files\Java\jdk-21\bin\management_ext.dll
Event: 3.374 Loaded shared library C:\Program Files\Java\jdk-21\bin\extnet.dll

Deoptimization events (20 events):
Event: 122.298 Thread 0x00000187eafe8850 Uncommon trap: trap_request=0xffffff45 fr.pc=0x0000018790541a54 relative=0x0000000000000d34
Event: 122.298 Thread 0x00000187eafe74a0 Uncommon trap: trap_request=0xffffff45 fr.pc=0x0000018790541a54 relative=0x0000000000000d34
Event: 122.298 Thread 0x00000187eafe6e10 Uncommon trap: reason=unstable_if action=reinterpret pc=0x0000018790541a54 method=java.util.concurrent.ConcurrentHashMap.putVal(Ljava/lang/Object;Ljava/lang/Object;Z)Ljava/lang/Object; @ 97 c2
Event: 122.298 Thread 0x00000187eafe8850 Uncommon trap: reason=unstable_if action=reinterpret pc=0x0000018790541a54 method=java.util.concurrent.ConcurrentHashMap.putVal(Ljava/lang/Object;Ljava/lang/Object;Z)Ljava/lang/Object; @ 97 c2
Event: 122.298 Thread 0x00000187eafec360 Uncommon trap: reason=unstable_if action=reinterpret pc=0x0000018790541a54 method=java.util.concurrent.ConcurrentHashMap.putVal(Ljava/lang/Object;Ljava/lang/Object;Z)Ljava/lang/Object; @ 97 c2
Event: 122.298 Thread 0x00000187eafe74a0 Uncommon trap: reason=unstable_if action=reinterpret pc=0x0000018790541a54 method=java.util.concurrent.ConcurrentHashMap.putVal(Ljava/lang/Object;Ljava/lang/Object;Z)Ljava/lang/Object; @ 97 c2
Event: 122.298 Thread 0x00000187eafe6e10 DEOPT PACKING pc=0x0000018790541a54 sp=0x0000005ca1cfdc50
Event: 122.298 Thread 0x00000187eafe8850 DEOPT PACKING pc=0x0000018790541a54 sp=0x0000005ca21fe0d0
Event: 122.298 Thread 0x00000187eafec360 DEOPT PACKING pc=0x0000018790541a54 sp=0x0000005ca24fe2e0
Event: 122.299 Thread 0x00000187eafe74a0 DEOPT PACKING pc=0x0000018790541a54 sp=0x0000005ca1bfdfe0
Event: 122.299 Thread 0x00000187eafe6e10 DEOPT UNPACKING pc=0x000001878f8746a2 sp=0x0000005ca1cfdbd8 mode 2
Event: 122.299 Thread 0x00000187eafe8850 DEOPT UNPACKING pc=0x000001878f8746a2 sp=0x0000005ca21fe058 mode 2
Event: 122.299 Thread 0x00000187eafec360 DEOPT UNPACKING pc=0x000001878f8746a2 sp=0x0000005ca24fe268 mode 2
Event: 122.299 Thread 0x00000187eafe74a0 DEOPT UNPACKING pc=0x000001878f8746a2 sp=0x0000005ca1bfdf68 mode 2
Event: 1812.037 Thread 0x00000187eafea290 DEOPT PACKING pc=0x00000187895fe7b3 sp=0x0000005c9e9fdc60
Event: 1812.039 Thread 0x00000187eafea290 DEOPT UNPACKING pc=0x000001878f874e42 sp=0x0000005c9e9fd0d0 mode 0
Event: 1815.041 Thread 0x00000187eafea290 DEOPT PACKING pc=0x0000018789614511 sp=0x0000005c9e9fde50
Event: 1815.042 Thread 0x00000187eafea290 DEOPT UNPACKING pc=0x000001878f874e42 sp=0x0000005c9e9fd2c8 mode 0
Event: 1817.993 Thread 0x00000187eafea290 DEOPT PACKING pc=0x00000187888c27f1 sp=0x0000005c9e9fdc00
Event: 1817.995 Thread 0x00000187eafea290 DEOPT UNPACKING pc=0x000001878f874e42 sp=0x0000005c9e9fd080 mode 0

Classes loaded (20 events):
Event: 29.875 Loading class java/time/format/DateTimeFormatterBuilder$ZoneTextPrinterParser
Event: 29.876 Loading class java/time/format/DateTimeFormatterBuilder$ZoneTextPrinterParser done
Event: 29.876 Loading class java/time/format/DateTimeFormatterBuilder$ReducedPrinterParser
Event: 29.876 Loading class java/time/format/DateTimeFormatterBuilder$ReducedPrinterParser done
Event: 30.113 Loading class java/io/WriteAbortedException
Event: 30.113 Loading class java/io/WriteAbortedException done
Event: 30.114 Loading class sun/security/provider/SecureRandom
Event: 30.114 Loading class sun/security/provider/SecureRandom done
Event: 30.114 Loading class sun/security/provider/SecureRandom$SeederHolder
Event: 30.114 Loading class sun/security/provider/SecureRandom$SeederHolder done
Event: 50.310 Loading class java/lang/StringEditor
Event: 50.310 Loading class java/lang/StringEditor done
Event: 1781.282 Loading class sun/security/ssl/Alert
Event: 1781.386 Loading class sun/security/ssl/Alert done
Event: 1781.404 Loading class sun/security/ssl/Alert$AlertConsumer
Event: 1781.442 Loading class sun/security/ssl/Alert$AlertConsumer done
Event: 1781.443 Loading class sun/security/ssl/Alert$Level
Event: 1781.449 Loading class sun/security/ssl/Alert$Level done
Event: 1785.054 Loading class sun/net/ConnectionResetException
Event: 1785.056 Loading class sun/net/ConnectionResetException done

Classes unloaded (0 events):
No events

Classes redefined (0 events):
No events

Internal exceptions (20 events):
Event: 16.388 Thread 0x00000187fc4e9f70 Exception <a 'java/lang/NoSuchMethodError'{0x000000070b6ce400}: method resolution failed> (0x000000070b6ce400) 
thrown [s\open\src\hotspot\share\prims\methodHandles.cpp, line 1144]
Event: 16.414 Thread 0x00000187fc4e9f70 Exception <a 'java/lang/NoSuchMethodError'{0x000000070b449c18}: method resolution failed> (0x000000070b449c18) 
thrown [s\open\src\hotspot\share\prims\methodHandles.cpp, line 1144]
Event: 16.414 Thread 0x00000187fc4e9f70 Exception <a 'java/lang/NoSuchMethodError'{0x000000070b44c620}: 'boolean java.lang.reflect.AccessibleObject.trySetAccessible(java.lang.Class)'> (0x000000070b44c620) 
thrown [s\open\src\hotspot\share\interpreter\linkResolver.cpp, line 773]
Event: 16.950 Thread 0x00000187fc4e9f70 Exception <a 'java/lang/NoSuchMethodError'{0x000000070ac17608}: 'java.lang.Object java.lang.invoke.DirectMethodHandle$Holder.invokeInterface(java.lang.Object, java.lang.Object, java.lang.Object, java.lang.Object)'> (0x000000070ac17608) 
thrown [s\open\src\hotspot\share\interpreter\linkResolver.cpp, line 773]
Event: 17.030 Thread 0x00000187fc4e9f70 Exception <a 'java/lang/NoSuchMethodError'{0x000000070adfa460}: 'void java.lang.invoke.DirectMethodHandle$Holder.invokeVirtual(java.lang.Object, java.lang.Object, long)'> (0x000000070adfa460) 
thrown [s\open\src\hotspot\share\interpreter\linkResolver.cpp, line 773]
Event: 17.115 Thread 0x00000187fc4e9f70 Exception <a 'java/lang/NoSuchMethodError'{0x000000070a83a5d8}: 'int java.lang.invoke.DirectMethodHandle$Holder.invokeStaticInit(java.lang.Object, java.lang.Object, java.lang.Object, java.lang.Object)'> (0x000000070a83a5d8) 
thrown [s\open\src\hotspot\share\interpreter\linkResolver.cpp, line 773]
Event: 17.121 Thread 0x00000187fc4e9f70 Implicit null exception at 0x000001879018b8af to 0x000001879018bdc8
Event: 17.366 Thread 0x00000187fc4e9f70 Exception <a 'java/lang/NoSuchMethodError'{0x0000000710ff8d48}: 'java.lang.Object java.lang.invoke.Invokers$Holder.invoke_MT(java.lang.Object, java.lang.Object, java.lang.Object, java.lang.Object, java.lang.Object, java.lang.Object, java.lang.Object, java.lang.Object, java.lang.Object, java.lang.Object, java.lang.Object)'> (0x0000000710ff8d48) 
thrown [s\open\src\hotspot\share\interpreter\linkResolver.cpp, line 773]
Event: 17.446 Thread 0x00000187fc4e9f70 Exception <a 'java/lang/NoSuchMethodError'{0x000000070be0f430}: 'void java.lang.invoke.DirectMethodHandle$Holder.invokeSpecial(java.lang.Object, java.lang.Object, int, java.lang.Object, java.lang.Object, java.lang.Object, java.lang.Object)'> (0x000000070be0f430) 
thrown [s\open\src\hotspot\share\interpreter\linkResolver.cpp, line 773]
Event: 17.447 Thread 0x00000187fc4e9f70 Exception <a 'java/lang/NoSuchMethodError'{0x000000070be16218}: 'java.lang.Object java.lang.invoke.DirectMethodHandle$Holder.newInvokeSpecial(java.lang.Object, java.lang.Object, int, java.lang.Object, java.lang.Object)'> (0x000000070be16218) 
thrown [s\open\src\hotspot\share\interpreter\linkResolver.cpp, line 773]
Event: 29.329 Thread 0x00000187eafe74a0 Exception <a 'java/lang/NoSuchMethodError'{0x000000070ba7e448}: 'java.lang.Object java.lang.invoke.DirectMethodHandle$Holder.invokeSpecial(java.lang.Object, java.lang.Object, java.lang.Object, java.lang.Object, java.lang.Object, long)'> (0x000000070ba7e448) 
thrown [s\open\src\hotspot\share\interpreter\linkResolver.cpp, line 773]
Event: 29.329 Thread 0x00000187eafe74a0 Exception <a 'java/lang/NoSuchMethodError'{0x000000070ba81e60}: 'java.lang.Object java.lang.invoke.Invokers$Holder.linkToTargetMethod(java.lang.Object, java.lang.Object, java.lang.Object, long, java.lang.Object)'> (0x000000070ba81e60) 
thrown [s\open\src\hotspot\share\interpreter\linkResolver.cpp, line 773]
Event: 29.858 Thread 0x00000187eafe6780 Exception <a 'java/lang/NoSuchMethodError'{0x000000071492f030}: 'java.lang.Object java.lang.invoke.DirectMethodHandle$Holder.invokeStatic(java.lang.Object, int, int)'> (0x000000071492f030) 
thrown [s\open\src\hotspot\share\interpreter\linkResolver.cpp, line 773]
Event: 29.859 Thread 0x00000187eafe7b30 Exception <a 'java/lang/NoSuchMethodError'{0x000000071492bf68}: 'java.lang.Object java.lang.invoke.DirectMethodHandle$Holder.invokeStatic(java.lang.Object, int, int)'> (0x000000071492bf68) 
thrown [s\open\src\hotspot\share\interpreter\linkResolver.cpp, line 773]
Event: 29.859 Thread 0x00000187eafe6e10 Exception <a 'java/lang/NoSuchMethodError'{0x0000000714932aa0}: 'java.lang.Object java.lang.invoke.DirectMethodHandle$Holder.invokeStatic(java.lang.Object, int, int)'> (0x0000000714932aa0) 
thrown [s\open\src\hotspot\share\interpreter\linkResolver.cpp, line 773]
Event: 29.859 Thread 0x00000187eafe81c0 Exception <a 'java/lang/NoSuchMethodError'{0x0000000714927998}: 'java.lang.Object java.lang.invoke.DirectMethodHandle$Holder.invokeStatic(java.lang.Object, int, int)'> (0x0000000714927998) 
thrown [s\open\src\hotspot\share\interpreter\linkResolver.cpp, line 773]
Event: 29.859 Thread 0x00000187eafe60f0 Exception <a 'java/lang/NoSuchMethodError'{0x00000007149351f0}: 'java.lang.Object java.lang.invoke.DirectMethodHandle$Holder.invokeStatic(java.lang.Object, int, int)'> (0x00000007149351f0) 
thrown [s\open\src\hotspot\share\interpreter\linkResolver.cpp, line 773]
Event: 1785.053 Thread 0x00000187eafea290 Exception <a 'java/io/IOException'{0x000000070b94f448}> (0x000000070b94f448) 
thrown [s\open\src\hotspot\share\prims\jni.cpp, line 520]
Event: 1787.881 Thread 0x00000187eafea290 Exception <a 'java/io/IOException'{0x000000070b9bdc68}> (0x000000070b9bdc68) 
thrown [s\open\src\hotspot\share\prims\jni.cpp, line 520]
Event: 1808.184 Thread 0x00000187eafea920 Exception <a 'java/io/IOException'{0x000000070b763c68}> (0x000000070b763c68) 
thrown [s\open\src\hotspot\share\prims\jni.cpp, line 520]

ZGC Phase Switch (0 events):
No events

VM Operations (20 events):
Event: 1810.032 Executing VM operation: Cleanup
Event: 1810.032 Executing VM operation: Cleanup done
Event: 1812.040 Executing VM operation: Cleanup
Event: 1812.040 Executing VM operation: Cleanup done
Event: 1815.069 Executing VM operation: Cleanup
Event: 1815.069 Executing VM operation: Cleanup done
Event: 1822.117 Executing VM operation: Cleanup
Event: 1822.117 Executing VM operation: Cleanup done
Event: 2105.347 Executing VM operation: Cleanup
Event: 2105.347 Executing VM operation: Cleanup done
Event: 2440.231 Executing VM operation: Cleanup
Event: 2440.231 Executing VM operation: Cleanup done
Event: 2566.214 Executing VM operation: Cleanup
Event: 2566.214 Executing VM operation: Cleanup done
Event: 2716.556 Executing VM operation: Cleanup
Event: 2716.556 Executing VM operation: Cleanup done
Event: 2826.450 Executing VM operation: Cleanup
Event: 2826.450 Executing VM operation: Cleanup done
Event: 3303.044 Executing VM operation: Cleanup
Event: 3303.044 Executing VM operation: Cleanup done

Events (20 events):
Event: 52.710 Thread 0x00000187e8d21af0 Thread exited: 0x00000187e8d21af0
Event: 59.472 Thread 0x00000187e8d21420 Thread exited: 0x00000187e8d21420
Event: 61.785 Thread 0x00000187e8d22890 Thread added: 0x00000187e8d22890
Event: 61.785 Thread 0x00000187e8d21420 Thread added: 0x00000187e8d21420
Event: 62.670 Thread 0x00000187e8d21420 Thread exited: 0x00000187e8d21420
Event: 67.682 Thread 0x00000187e8d22890 Thread exited: 0x00000187e8d22890
Event: 1781.204 Thread 0x00000187eafea290 Thread added: 0x00000187eafea290
Event: 1781.609 Thread 0x00000187eafea920 Thread added: 0x00000187eafea920
Event: 1792.898 Thread 0x00000187eafea290 Thread exited: 0x00000187eafea290
Event: 1798.630 Thread 0x00000187eafea920 Thread exited: 0x00000187eafea920
Event: 1800.645 Thread 0x00000187eafea920 Thread added: 0x00000187eafea920
Event: 1800.968 Thread 0x00000187eafea290 Thread added: 0x00000187eafea290
Event: 1805.972 Thread 0x00000187eafea920 Thread exited: 0x00000187eafea920
Event: 1807.872 Thread 0x00000187eafea920 Thread added: 0x00000187eafea920
Event: 1809.152 Thread 0x00000187e8d22f60 Thread added: 0x00000187e8d22f60
Event: 1809.472 Thread 0x00000187e8d21420 Thread added: 0x00000187e8d21420
Event: 1810.411 Thread 0x00000187e8d21420 Thread exited: 0x00000187e8d21420
Event: 1810.411 Thread 0x00000187e8d22f60 Thread exited: 0x00000187e8d22f60
Event: 1822.009 Thread 0x00000187eafea920 Thread exited: 0x00000187eafea920
Event: 1827.794 Thread 0x00000187eafea290 Thread exited: 0x00000187eafea290


Dynamic libraries:
0x00007ff6bf940000 - 0x00007ff6bf950000 	C:\Program Files\Java\jdk-21\bin\java.exe
0x00007ff84f200000 - 0x00007ff84f467000 	C:\WINDOWS\SYSTEM32\ntdll.dll
0x00007ff84e0b0000 - 0x00007ff84e179000 	C:\WINDOWS\System32\KERNEL32.DLL
0x00007ff84bae0000 - 0x00007ff84bed1000 	C:\WINDOWS\System32\KERNELBASE.dll
0x00007ff84bee0000 - 0x00007ff84c02b000 	C:\WINDOWS\System32\ucrtbase.dll
0x00007ff837020000 - 0x00007ff837039000 	C:\Program Files\Java\jdk-21\bin\jli.dll
0x00007ff839ea0000 - 0x00007ff839ebb000 	C:\Program Files\Java\jdk-21\bin\VCRUNTIME140.dll
0x00007ff84df70000 - 0x00007ff84e02b000 	C:\WINDOWS\System32\ADVAPI32.dll
0x00007ff84d870000 - 0x00007ff84d919000 	C:\WINDOWS\System32\msvcrt.dll
0x00007ff84dc30000 - 0x00007ff84dcd7000 	C:\WINDOWS\System32\sechost.dll
0x00007ff84de30000 - 0x00007ff84df48000 	C:\WINDOWS\System32\RPCRT4.dll
0x00007ff84ee50000 - 0x00007ff84f015000 	C:\WINDOWS\System32\USER32.dll
0x00007ff84cf70000 - 0x00007ff84cf97000 	C:\WINDOWS\System32\win32u.dll
0x00007ff827d10000 - 0x00007ff827fa3000 	C:\WINDOWS\WinSxS\amd64_microsoft.windows.common-controls_6595b64144ccf1df_6.0.26100.7922_none_3e089e1ee3342171\COMCTL32.dll
0x00007ff84de00000 - 0x00007ff84de2b000 	C:\WINDOWS\System32\GDI32.dll
0x00007ff84c0e0000 - 0x00007ff84c20a000 	C:\WINDOWS\System32\gdi32full.dll
0x00007ff84c650000 - 0x00007ff84c6f3000 	C:\WINDOWS\System32\msvcp_win.dll
0x00007ff83ac30000 - 0x00007ff83ac3b000 	C:\WINDOWS\SYSTEM32\VERSION.dll
0x00007ff84ddc0000 - 0x00007ff84ddf1000 	C:\WINDOWS\System32\IMM32.DLL
0x00007ff844040000 - 0x00007ff84404c000 	C:\Program Files\Java\jdk-21\bin\vcruntime140_1.dll
0x00007fff25910000 - 0x00007fff2599e000 	C:\Program Files\Java\jdk-21\bin\msvcp140.dll
0x00007ffeedae0000 - 0x00007ffeee7fd000 	C:\Program Files\Java\jdk-21\bin\server\jvm.dll
0x00007ff84e030000 - 0x00007ff84e0a4000 	C:\WINDOWS\System32\WS2_32.dll
0x00007ff84b940000 - 0x00007ff84b99e000 	C:\WINDOWS\SYSTEM32\POWRPROF.dll
0x00007ff8469a0000 - 0x00007ff8469d5000 	C:\WINDOWS\SYSTEM32\WINMM.dll
0x00007ff84b920000 - 0x00007ff84b934000 	C:\WINDOWS\SYSTEM32\UMPDC.dll
0x00007ff84a870000 - 0x00007ff84a88b000 	C:\WINDOWS\SYSTEM32\kernel.appcore.dll
0x00007ff837010000 - 0x00007ff83701a000 	C:\Program Files\Java\jdk-21\bin\jimage.dll
0x00007ff849990000 - 0x00007ff849bd2000 	C:\WINDOWS\SYSTEM32\DBGHELP.DLL
0x00007ff84e180000 - 0x00007ff84e502000 	C:\WINDOWS\System32\combase.dll
0x00007ff84f020000 - 0x00007ff84f0f7000 	C:\WINDOWS\System32\OLEAUT32.dll
0x00007ff81c0a0000 - 0x00007ff81c0db000 	C:\WINDOWS\SYSTEM32\dbgcore.DLL
0x00007ff84c030000 - 0x00007ff84c0d5000 	C:\WINDOWS\System32\bcryptPrimitives.dll
0x00007ff80b460000 - 0x00007ff80b47f000 	C:\Program Files\Java\jdk-21\bin\java.dll
0x00007ff84d100000 - 0x00007ff84d85f000 	C:\WINDOWS\System32\SHELL32.dll
0x00007ff84c210000 - 0x00007ff84c37a000 	C:\WINDOWS\System32\wintypes.dll
0x00007ff84c700000 - 0x00007ff84cf64000 	C:\WINDOWS\System32\windows.storage.dll
0x00007ff84eb90000 - 0x00007ff84ec87000 	C:\WINDOWS\System32\SHCORE.dll
0x00007ff84e530000 - 0x00007ff84e597000 	C:\WINDOWS\System32\shlwapi.dll
0x00007ff84ba00000 - 0x00007ff84ba29000 	C:\WINDOWS\SYSTEM32\profapi.dll
0x00007fff21480000 - 0x00007fff21557000 	C:\Program Files\Java\jdk-21\bin\jsvml.dll
0x00007ff837000000 - 0x00007ff837010000 	C:\Program Files\Java\jdk-21\bin\net.dll
0x00007ff842710000 - 0x00007ff842837000 	C:\WINDOWS\SYSTEM32\WINHTTP.dll
0x00007ff84ade0000 - 0x00007ff84ae4b000 	C:\WINDOWS\system32\mswsock.dll
0x00007ff80b3d0000 - 0x00007ff80b3e6000 	C:\Program Files\Java\jdk-21\bin\nio.dll
0x00007ff80b340000 - 0x00007ff80b358000 	C:\Program Files\Java\jdk-21\bin\zip.dll
0x00007ff835370000 - 0x00007ff835380000 	C:\Program Files\Java\jdk-21\bin\verify.dll
0x00007ff834b70000 - 0x00007ff834b7e000 	C:\Program Files\Java\jdk-21\bin\sunmscapi.dll
0x00007ff84c380000 - 0x00007ff84c4f7000 	C:\WINDOWS\System32\CRYPT32.dll
0x00007ff84b2e0000 - 0x00007ff84b310000 	C:\WINDOWS\SYSTEM32\ncrypt.dll
0x00007ff84b290000 - 0x00007ff84b2cf000 	C:\WINDOWS\SYSTEM32\NTASN1.dll
0x00007ff84b0c0000 - 0x00007ff84b0db000 	C:\WINDOWS\SYSTEM32\CRYPTSP.dll
0x00007ff84a7d0000 - 0x00007ff84a809000 	C:\WINDOWS\system32\rsaenh.dll
0x00007ff84ae90000 - 0x00007ff84aec2000 	C:\WINDOWS\SYSTEM32\USERENV.dll
0x00007ff84b9d0000 - 0x00007ff84b9fa000 	C:\WINDOWS\SYSTEM32\bcrypt.dll
0x00007ff84b0e0000 - 0x00007ff84b0ec000 	C:\WINDOWS\SYSTEM32\CRYPTBASE.dll
0x00007ff84a160000 - 0x00007ff84a193000 	C:\WINDOWS\SYSTEM32\IPHLPAPI.DLL
0x00007ff84ec90000 - 0x00007ff84ec9a000 	C:\WINDOWS\System32\NSI.dll
0x00007ff82b640000 - 0x00007ff82b64a000 	C:\Program Files\Java\jdk-21\bin\management.dll
0x00007ff80b450000 - 0x00007ff80b45b000 	C:\Program Files\Java\jdk-21\bin\management_ext.dll
0x00007ff84e510000 - 0x00007ff84e518000 	C:\WINDOWS\System32\PSAPI.DLL
0x00007ff84a330000 - 0x00007ff84a45a000 	C:\WINDOWS\SYSTEM32\DNSAPI.dll
0x00007ff840c10000 - 0x00007ff840c1b000 	C:\Windows\System32\rasadhlp.dll
0x00007ff843080000 - 0x00007ff843106000 	C:\WINDOWS\System32\fwpuclnt.dll
0x00007ff80b3f0000 - 0x00007ff80b3f9000 	C:\Program Files\Java\jdk-21\bin\extnet.dll
0x00007ff811660000 - 0x00007ff811668000 	C:\WINDOWS\system32\wshunix.dll

dbghelp: loaded successfully - version: 4.0.5 - missing functions: none
symbol engine: initialized successfully - sym options: 0x614 - pdb path: .;C:\Program Files\Java\jdk-21\bin;C:\WINDOWS\SYSTEM32;C:\WINDOWS\WinSxS\amd64_microsoft.windows.common-controls_6595b64144ccf1df_6.0.26100.7922_none_3e089e1ee3342171;C:\Program Files\Java\jdk-21\bin\server

VM Arguments:
java_command: com.ciesa.CiesaApplication
java_class_path (initial): D:\CIESA WEB\ciesa\target\classes;C:\Users\katal\.m2\repository\org\springframework\boot\spring-boot-starter-web\3.4.1\spring-boot-starter-web-3.4.1.jar;C:\Users\katal\.m2\repository\org\springframework\boot\spring-boot-starter\3.4.1\spring-boot-starter-3.4.1.jar;C:\Users\katal\.m2\repository\org\springframework\boot\spring-boot\3.4.1\spring-boot-3.4.1.jar;C:\Users\katal\.m2\repository\org\springframework\boot\spring-boot-autoconfigure\3.4.1\spring-boot-autoconfigure-3.4.1.jar;C:\Users\katal\.m2\repository\org\springframework\boot\spring-boot-starter-logging\3.4.1\spring-boot-starter-logging-3.4.1.jar;C:\Users\katal\.m2\repository\ch\qos\logback\logback-classic\1.5.12\logback-classic-1.5.12.jar;C:\Users\katal\.m2\repository\ch\qos\logback\logback-core\1.5.12\logback-core-1.5.12.jar;C:\Users\katal\.m2\repository\org\apache\logging\log4j\log4j-to-slf4j\2.24.3\log4j-to-slf4j-2.24.3.jar;C:\Users\katal\.m2\repository\org\apache\logging\log4j\log4j-api\2.24.3\log4j-api-2.24.3.jar;C:\Users\katal\.m2\repository\org\slf4j\jul-to-slf4j\2.0.16\jul-to-slf4j-2.0.16.jar;C:\Users\katal\.m2\repository\jakarta\annotation\jakarta.annotation-api\2.1.1\jakarta.annotation-api-2.1.1.jar;C:\Users\katal\.m2\repository\org\yaml\snakeyaml\2.3\snakeyaml-2.3.jar;C:\Users\katal\.m2\repository\org\springframework\boot\spring-boot-starter-json\3.4.1\spring-boot-starter-json-3.4.1.jar;C:\Users\katal\.m2\repository\com\fasterxml\jackson\core\jackson-databind\2.18.2\jackson-databind-2.18.2.jar;C:\Users\katal\.m2\repository\com\fasterxml\jackson\core\jackson-annotations\2.18.2\jackson-annotations-2.18.2.jar;C:\Users\katal\.m2\repository\com\fasterxml\jackson\datatype\jackson-datatype-jdk8\2.18.2\jackson-datatype-jdk8-2.18.2.jar;C:\Users\katal\.m2\repository\com\fasterxml\jackson\datatype\jackson-datatype-jsr310\2.18.2\jackson-datatype-jsr310-2.18.2.jar;C:\Users\katal\.m2\repository\com\fasterxml\jackson\module\jackson-module-parameter-names\2.18.2\jackson-module-parameter-names-2.18.2.jar;C:\Users\katal\.m2\repository\org\springframework\boot\spring-boot-starter-tomcat\3.4.1\spring-boot-starter-tomcat-3.4.1.jar;C:\Users\katal\.m2\repository\org\apache\tomcat\embed\tomcat-embed-core\10.1.34\tomcat-embed-core-10.1.34.jar;C:\Users\katal\.m2\repository\org\apache\tomcat\embed\tomcat-embed-websocket\10.1.34\tomcat-embed-websocket-10.1.34.jar;C:\Users\katal\.m2\repository\org\springframework\spring-web\6.2.1\spring-web-6.2.1.jar;C:\Users\katal\.m2\repository\org\springframework\spring-beans\6.2.1\spring-beans-6.2.1.jar;C:\Users\katal\.m2\repository\io\micrometer\micrometer-observation\1.14.2\micrometer-observation-1.14.2.jar;C:\Users\katal\.m2\repository\io\micrometer\micrometer-commons\1.14.2\micrometer-commons-1.14.2.jar;C:\Users\katal\.m2\repository\org\springframework\spring-webmvc\6.2.1\spring-webmvc-6.2.1.jar;C:\Users\katal\.m2\repository\org\springframework\spring-context\6.2.1\spring-context-6.2.1.jar;C:\Users\katal\.m2\repository\org\springframework\spring-expression\6.2.1\spring-expression-6.2.1.jar;C:\Users\katal\.m2\repository\org\springframework\boot\spring-boot-starter-thymeleaf\3.4.1\spring-boot-starter-thymeleaf-3.4.1.jar;C:\Users\katal\.m2\repository\org\thymeleaf\thymeleaf-spring6\3.1.3.RELEASE\thymeleaf-spring6-3.1.3.RELEASE.jar;C:\Users\katal\.m2\repository\org\thymeleaf\thymeleaf\3.1.3.RELEASE\thymeleaf-3.1.3.RELEASE.jar;C:\Users\katal\.m2\repository\org\attoparser\attoparser\2.0.7.RELEASE\attoparser-2.0.7.RELEASE.jar;C:\Users\katal\.m2\repository\org\unbescape\unbescape\1.1.6.RELEASE\unbescape-1.1.6.RELEASE.jar;C:\Users\katal\.m2\repository\org\springframework\boot\spring-boot-starter-security\3.4.1\spring-boot-starter-security-3.4.1.jar;C:\Users\katal\.m2\repository\org\springframework\spring-aop\6.2.1\spring-aop-6.2.1.jar;C:\Users\katal\.m2\repository\org\springframework\security\spring-security-config\6.4.2\spring-security-config-6.4.2.jar;C:\Users\katal\.m2\repository\org\springframework\security\spring-security-core\6.4.2\spring-security-core-6.4.2.jar;C:\Users\katal\.m2\repository\org\springframework\security\spring-security-crypto\6.4.2\spring-security-crypto-6.4.2.jar;C:\Users\katal\.m2\repository\org\springframework\security\spring-security-web\6.4.2\spring-security-web-6.4.2.jar;C:\Users\katal\.m2\repository\org\thymeleaf\extras\thymeleaf-extras-springsecurity6\3.1.3.RELEASE\thymeleaf-extras-springsecurity6-3.1.3.RELEASE.jar;C:\Users\katal\.m2\repository\org\slf4j\slf4j-api\2.0.16\slf4j-api-2.0.16.jar;C:\Users\katal\.m2\repository\org\springframework\boot\spring-boot-starter-data-jpa\3.4.1\spring-boot-starter-data-jpa-3.4.1.jar;C:\Users\katal\.m2\repository\org\springframework\boot\spring-boot-starter-jdbc\3.4.1\spring-boot-starter-jdbc-3.4.1.jar;C:\Users\katal\.m2\repository\com\zaxxer\HikariCP\5.1.0\HikariCP-5.1.0.jar;C:\Users\katal\.m2\repository\org\springframework\spring-jdbc\6.2.1\spring-jdbc-6.2.1.jar;C:\Users\katal\.m2\repository\org\hibernate\orm\hibernate-core\6.6.4.Final\hibernate-core-6.6.4.Final.jar;C:\Users\katal\.m2\repository\jakarta\persistence\jakarta.persistence-api\3.1.0\jakarta.persistence-api-3.1.0.jar;C:\Users\katal\.m2\repository\jakarta\transaction\jakarta.transaction-api\2.0.1\jakarta.transaction-api-2.0.1.jar;C:\Users\katal\.m2\repository\org\jboss\logging\jboss-logging\3.6.1.Final\jboss-logging-3.6.1.Final.jar;C:\Users\katal\.m2\repository\org\hibernate\common\hibernate-commons-annotations\7.0.3.Final\hibernate-commons-annotations-7.0.3.Final.jar;C:\Users\katal\.m2\repository\io\smallrye\jandex\3.2.0\jandex-3.2.0.jar;C:\Users\katal\.m2\repository\com\fasterxml\classmate\1.7.0\classmate-1.7.0.jar;C:\Users\katal\.m2\repository\net\bytebuddy\byte-buddy\1.15.11\byte-buddy-1.15.11.jar;C:\Users\katal\.m2\repository\org\glassfish\jaxb\jaxb-runtime\4.0.5\jaxb-runtime-4.0.5.jar;C:\Users\katal\.m2\repository\org\glassfish\jaxb\jaxb-core\4.0.5\jaxb-core-4.0.5.jar;C:\Users\katal\.m2\repository\org\eclipse\angus\angus-activation\2.0.2\angus-activation-2.0.2.jar;C:\Users\katal\.m2\repository\org\glassfish\jaxb\txw2\4.0.5\txw2-4.0.5.jar;C:\Users\katal\.m2\repository\com\sun\istack\istack-commons-runtime\4.1.2\istack-commons-runtime-4.1.2.jar;C:\Users\katal\.m2\repository\jakarta\inject\jakarta.inject-api\2.0.1\jakarta.inject-api-2.0.1.jar;C:\Users\katal\.m2\repository\org\antlr\antlr4-runtime\4.13.0\antlr4-runtime-4.13.0.jar;C:\Users\katal\.m2\repository\org\springframework\data\spring-data-jpa\3.4.1\spring-data-jpa-3.4.1.jar;C:\Users\katal\.m2\repository\org\springframework\data\spring-data-commons\3.4.1\spring-data-commons-3.4.1.jar;C:\Users\katal\.m2\repository\org\springframework\spring-orm\6.2.1\spring-orm-6.2.1.jar;C:\Users\katal\.m2\repository\org\springframework\spring-tx\6.2.1\spring-tx-6.2.1.jar;C:\Users\katal\.m2\repository\org\springframework\spring-aspects\6.2.1\spring-aspects-6.2.1.jar;C:\Users\katal\.m2\repository\org\aspectj\aspectjweaver\1.9.22.1\aspectjweaver-1.9.22.1.jar;C:\Users\katal\.m2\repository\com\mysql\mysql-connector-j\9.1.0\mysql-connector-j-9.1.0.jar;C:\Users\katal\.m2\repository\org\projectlombok\lombok\1.18.36\lombok-1.18.36.jar;C:\Users\katal\.m2\repository\org\springframework\boot\spring-boot-starter-validation\3.4.1\spring-boot-starter-validation-3.4.1.jar;C:\Users\katal\.m2\repository\org\apache\tomcat\embed\tomcat-embed-el\10.1.34\tomcat-embed-el-10.1.34.jar;C:\Users\katal\.m2\repository\org\hibernate\validator\hibernate-validator\8.0.2.Final\hibernate-validator-8.0.2.Final.jar;C:\Users\katal\.m2\repository\jakarta\validation\jakarta.validation-api\3.0.2\jakarta.validation-api-3.0.2.jar;C:\Users\katal\.m2\repository\com\google\firebase\firebase-admin\9.3.0\firebase-admin-9.3.0.jar;C:\Users\katal\.m2\repository\com\google\api-client\google-api-client\2.4.0\google-api-client-2.4.0.jar;C:\Users\katal\.m2\repository\commons-codec\commons-codec\1.17.1\commons-codec-1.17.1.jar;C:\Users\katal\.m2\repository\com\google\oauth-client\google-oauth-client\1.35.0\google-oauth-client-1.35.0.jar;C:\Users\katal\.m2\repository\com\google\auth\google-auth-library-credentials\1.23.0\google-auth-library-credentials-1.23.0.jar;C:\Users\katal\.m2\repository\com\google\http-client\google-http-client-gson\1.44.1\google-http-client-gson-1.44.1.jar;C:\Users\katal\.m2\repository\com\google\http-client\google-http-client-apache-v2\1.44.1\google-http-client-apache-v2-1.44.1.jar;C:\Users\katal\.m2\repository\org\apache\httpcomponents\httpcore\4.4.16\httpcore-4.4.16.jar;C:\Users\katal\.m2\repository\org\apache\httpcomponents\httpclient\4.5.14\httpclient-4.5.14.jar;C:\Users\katal\.m2\repository\commons-logging\commons-logging\1.2\commons-logging-1.2.jar;C:\Users\katal\.m2\repository\com\google\api-client\google-api-client-gson\2.4.0\google-api-client-gson-2.4.0.jar;C:\Users\katal\.m2\repository\com\google\http-client\google-http-client\1.44.1\google-http-client-1.44.1.jar;C:\Users\katal\.m2\repository\com\google\code\findbugs\jsr305\3.0.2\jsr305-3.0.2.jar;C:\Users\katal\.m2\repository\com\google\errorprone\error_prone_annotations\2.23.0\error_prone_annotations-2.23.0.jar;C:\Users\katal\.m2\repository\com\google\j2objc\j2objc-annotations\2.8\j2objc-annotations-2.8.jar;C:\Users\katal\.m2\repository\io\grpc\grpc-context\1.60.1\grpc-context-1.60.1.jar;C:\Users\katal\.m2\repository\io\opencensus\opencensus-api\0.31.1\opencensus-api-0.31.1.jar;C:\Users\katal\.m2\repository\io\opencensus\opencensus-contrib-http-util\0.31.1\opencensus-contrib-http-util-0.31.1.jar;C:\Users\katal\.m2\repository\com\google\api\api-common\2.31.0\api-common-2.31.0.jar;C:\Users\katal\.m2\repository\com\google\auto\value\auto-value-annotations\1.10.4\auto-value-annotations-1.10.4.jar;C:\Users\katal\.m2\repository\javax\annotation\javax.annotation-api\1.3.2\javax.annotation-api-1.3.2.jar;C:\Users\katal\.m2\repository\com\google\auth\google-auth-library-oauth2-http\1.23.0\google-auth-library-oauth2-http-1.23.0.jar;C:\Users\katal\.m2\repository\com\google\cloud\google-cloud-storage\2.38.0\google-cloud-storage-2.38.0.jar;C:\Users\katal\.m2\repository\com\google\guava\failureaccess\1.0.2\failureaccess-1.0.2.jar;C:\Users\katal\.m2\repository\com\google\guava\listenablefuture\9999.0-empty-to-avoid-conflict-with-guava\listenablefuture-9999.0-empty-to-avoid-conflict-with-guava.jar;C:\Users\katal\.m2\repository\com\google\http-client\google-http-client-jackson2\1.44.1\google-http-client-jackson2-1.44.1.jar;C:\Users\katal\.m2\repository\com\google\apis\google-api-services-storage\v1-rev20240319-2.0.0\google-api-services-storage-v1-rev20240319-2.0.0.jar;C:\Users\katal\.m2\repository\com\google\code\gson\gson\2.11.0\gson-2.11.0.jar;C:\Users\katal\.m2\repository\com\google\cloud\google-cloud-core\2.38.0\google-cloud-core-2.38.0.jar;C:\Users\katal\.m2\repository\com\google\cloud\google-cloud-core-http\2.38.0\google-cloud-core-http-2.38.0.jar;C:\Users\katal\.m2\repository\com\google\http-client\google-http-client-appengine\1.44.1\google-http-client-appengine-1.44.1.jar;C:\Users\katal\.m2\repository\com\google\api\gax-httpjson\2.48.0\gax-httpjson-2.48.0.jar;C:\Users\katal\.m2\repository\com\google\cloud\google-cloud-core-grpc\2.38.0\google-cloud-core-grpc-2.38.0.jar;C:\Users\katal\.m2\repository\com\google\api\gax\2.48.0\gax-2.48.0.jar;C:\Users\katal\.m2\repository\com\google\api\gax-grpc\2.48.0\gax-grpc-2.48.0.jar;C:\Users\katal\.m2\repository\io\grpc\grpc-inprocess\1.62.2\grpc-inprocess-1.62.2.jar;C:\Users\katal\.m2\repository\io\grpc\grpc-alts\1.62.2\grpc-alts-1.62.2.jar;C:\Users\katal\.m2\repository\io\grpc\grpc-grpclb\1.62.2\grpc-grpclb-1.62.2.jar;C:\Users\katal\.m2\repository\org\conscrypt\conscrypt-openjdk-uber\2.5.2\conscrypt-openjdk-uber-2.5.2.jar;C:\Users\katal\.m2\repository\io\grpc\grpc-auth\1.62.2\grpc-auth-1.62.2.jar;C:\Users\katal\.m2\repository\com\google\api\grpc\proto-google-iam-v1\1.34.0\proto-google-iam-v1-1.34.0.jar;C:\Users\katal\.m2\repository\com\google\protobuf\protobuf-java\3.25.3\protobuf-java-3.25.3.jar;C:\Users\katal\.m2\repository\com\google\protobuf\protobuf-java-util\3.25.3\protobuf-java-util-3.25.3.jar;C:\Users\katal\.m2\repository\io\grpc\grpc-core\1.62.2\grpc-core-1.62.2.jar;C:\Users\katal\.m2\repository\com\google\android\annotations\4.1.1.4\annotations-4.1.1.4.jar;C:\Users\katal\.m2\repository\org\codehaus\mojo\animal-sniffer-annotations\1.23\animal-sniffer-annotations-1.23.jar;C:\Users\katal\.m2\repository\io\perfmark\perfmark-api\0.27.0\perfmark-api-0.27.0.jar;C:\Users\katal\.m2\repository\io\grpc\grpc-protobuf\1.62.2\grpc-protobuf-1.62.2.jar;C:\Users\katal\.m2\repository\io\grpc\grpc-protobuf-lite\1.62.2\grpc-protobuf-lite-1.62.2.jar;C:\Users\katal\.m2\repository\com\google\api\grpc\proto-google-common-protos\2.39.0\proto-google-common-protos-2.39.0.jar;C:\Users\katal\.m2\repository\org\threeten\threetenbp\1.6.9\threetenbp-1.6.9.jar;C:\Users\katal\.m2\repository\com\google\api\grpc\proto-google-cloud-storage-v2\2.38.0-alpha\proto-google-cloud-storage-v2-2.38.0-alpha.jar;C:\Users\katal\.m2\repository\com\google\api\grpc\grpc-google-cloud-storage-v2\2.38.0-alpha\grpc-google-cloud-storage-v2-2.38.0-alpha.jar;C:\Users\katal\.m2\repository\com\google\api\grpc\gapic-google-cloud-storage-v2\2.38.0-alpha\gapic-google-cloud-storage-v2-2.38.0-alpha.jar;C:\Users\katal\.m2\repository\io\grpc\grpc-api\1.62.2\grpc-api-1.62.2.jar;C:\Users\katal\.m2\repository\io\grpc\grpc-netty-shaded\1.62.2\grpc-netty-shaded-1.62.2.jar;C:\Users\katal\.m2\repository\io\grpc\grpc-util\1.62.2\grpc-util-1.62.2.jar;C:\Users\katal\.m2\repository\io\grpc\grpc-stub\1.62.2\grpc-stub-1.62.2.jar;C:\Users\katal\.m2\repository\io\grpc\grpc-googleapis\1.62.2\grpc-googleapis-1.62.2.jar;C:\Users\katal\.m2\repository\org\checkerframework\checker-qual\3.42.0\checker-qual-3.42.0.jar;C:\Users\katal\.m2\repository\io\grpc\grpc-xds\1.62.2\grpc-xds-1.62.2.jar;C:\Users\katal\.m2\repository\io\opencensus\opencensus-proto\0.2.0\opencensus-proto-0.2.0.jar;C:\Users\katal\.m2\repository\io\grpc\grpc-services\1.62.2\grpc-services-1.62.2.jar;C:\Users\katal\.m2\repository\com\google\re2j\re2j\1.7\re2j-1.7.jar;C:\Users\katal\.m2\repository\io\grpc\grpc-rls\1.62.2\grpc-rls-1.62.2.jar;C:\Users\katal\.m2\repository\com\google\cloud\google-cloud-firestore\3.21.1\google-cloud-firestore-3.21.1.jar;C:\Users\katal\.m2\repository\com\google\api\grpc\proto-google-cloud-firestore-v1\3.21.1\proto-google-cloud-firestore-v1-3.21.1.jar;C:\Users\katal\.m2\repository\com\google\cloud\proto-google-cloud-firestore-bundle-v1\3.21.1\proto-google-cloud-firestore-bundle-v1-3.21.1.jar;C:\Users\katal\.m2\repository\io\opencensus\opencensus-contrib-grpc-util\0.31.1\opencensus-contrib-grpc-util-0.31.1.jar;C:\Users\katal\.m2\repository\com\google\guava\guava\33.3.1-jre\guava-33.3.1-jre.jar;C:\Users\katal\.m2\repository\io\netty\netty-codec-http\4.1.116.Final\netty-codec-http-4.1.116.Final.jar;C:\Users\katal\.m2\repository\io\netty\netty-common\4.1.116.Final\netty-common-4.1.116.Final.jar;C:\Users\katal\.m2\repository\io\netty\netty-buffer\4.1.116.Final\netty-buffer-4.1.116.Final.jar;C:\Users\katal\.m2\repository\io\netty\netty-codec\4.1.116.Final\netty-codec-4.1.116.Final.jar;C:\Users\katal\.m2\repository\io\netty\netty-handler\4.1.116.Final\netty-handler-4.1.116.Final.jar;C:\Users\katal\.m2\repository\io\netty\netty-resolver\4.1.116.Final\netty-resolver-4.1.116.Final.jar;C:\Users\katal\.m2\repository\io\netty\netty-transport-native-unix-common\4.1.116.Final\netty-transport-native-unix-common-4.1.116.Final.jar;C:\Users\katal\.m2\repository\io\netty\netty-transport\4.1.116.Final\netty-transport-4.1.116.Final.jar;C:\Users\katal\.m2\repository\org\webjars\bootstrap\5.3.3\bootstrap-5.3.3.jar;C:\Users\katal\.m2\repository\org\webjars\font-awesome\6.5.2\font-awesome-6.5.2.jar;C:\Users\katal\.m2\repository\org\webjars\webjars-locator-core\0.59\webjars-locator-core-0.59.jar;C:\Users\katal\.m2\repository\io\github\classgraph\classgraph\4.8.173\classgraph-4.8.173.jar;C:\Users\katal\.m2\repository\com\fasterxml\jackson\core\jackson-core\2.18.2\jackson-core-2.18.2.jar;C:\Users\katal\.m2\repository\jakarta\xml\bind\jakarta.xml.bind-api\4.0.2\jakarta.xml.bind-api-4.0.2.jar;C:\Users\katal\.m2\repository\jakarta\activation\jakarta.activation-api\2.1.3\jakarta.activation-api-2.1.3.jar;C:\Users\katal\.m2\repository\org\springframework\spring-core\6.2.1\spring-core-6.2.1.jar;C:\Users\katal\.m2\repository\org\springframework\spring-jcl\6.2.1\spring-jcl-6.2.1.jar
Launcher Type: SUN_STANDARD

[Global flags]
     intx CICompilerCount                          = 12                                        {product} {ergonomic}
     uint ConcGCThreads                            = 4                                         {product} {ergonomic}
     uint G1ConcRefinementThreads                  = 15                                        {product} {ergonomic}
   size_t G1HeapRegionSize                         = 2097152                                   {product} {ergonomic}
    uintx GCDrainStackTargetSize                   = 64                                        {product} {ergonomic}
   size_t InitialHeapSize                          = 264241152                                 {product} {ergonomic}
   size_t MarkStackSize                            = 4194304                                   {product} {ergonomic}
   size_t MaxHeapSize                              = 4213178368                                {product} {ergonomic}
   size_t MaxNewSize                               = 2527068160                                {product} {ergonomic}
   size_t MinHeapDeltaBytes                        = 2097152                                   {product} {ergonomic}
   size_t MinHeapSize                              = 8388608                                   {product} {ergonomic}
    uintx NonNMethodCodeHeapSize                   = 7602480                                {pd product} {ergonomic}
    uintx NonProfiledCodeHeapSize                  = 122027880                              {pd product} {ergonomic}
    uintx ProfiledCodeHeapSize                     = 122027880                              {pd product} {ergonomic}
    uintx ReservedCodeCacheSize                    = 251658240                              {pd product} {ergonomic}
     bool SegmentedCodeCache                       = true                                      {product} {ergonomic}
   size_t SoftMaxHeapSize                          = 4213178368                             {manageable} {ergonomic}
     bool UseCompressedOops                        = true                           {product lp64_product} {ergonomic}
     bool UseG1GC                                  = true                                      {product} {ergonomic}
     bool UseLargePagesIndividualAllocation        = false                                  {pd product} {ergonomic}

Logging:
Log output configuration:
 #0: stdout all=warning uptime,level,tags foldmultilines=false
 #1: stderr all=off uptime,level,tags foldmultilines=false

Environment Variables:
JAVA_HOME=C:\Program Files\Java\jdk-21
PATH=C:\Program Files\Common Files\Oracle\Java\javapath;C:\Windows\system32;C:\Windows;C:\Windows\System32\Wbem;C:\Windows\System32\WindowsPowerShell\v1.0\;C:\Windows\System32\OpenSSH\;C:\Program Files\dotnet\;C:\Program Files\NVIDIA Corporation\NVIDIA NvDLISR;C:\Program Files (x86)\NVIDIA Corporation\PhysX\Common;C:\WINDOWS\system32;C:\WINDOWS;C:\WINDOWS\System32\Wbem;C:\WINDOWS\System32\WindowsPowerShell\v1.0\;C:\WINDOWS\System32\OpenSSH\;C:\Program Files\Microsoft SQL Server\Client SDK\ODBC\110\Tools\Binn\;C:\Program Files (x86)\Microsoft SQL Server\120\Tools\Binn\;C:\Program Files\Microsoft SQL Server\120\Tools\Binn\;C:\Program Files\Microsoft SQL Server\120\DTS\Binn\;C:\ProgramData\chocolatey\bin;C:\Program Files\IDM Computer Solutions\UltraEdit;C:\Program Files\Git\cmd;C:\Program Files\nodejs\;C:\Program Files\k6\;C:\Program Files (x86)\Microsoft SQL Server\170\Tools\Binn\;C:\Program Files\Microsoft SQL Server\170\Tools\Binn\;C:\Program Files\Microsoft SQL Server\Client SDK\ODBC\180\Tools\Binn\;C:\Program Files\Microsoft SQL Server\170\DTS\Binn\;C:\Program Files\MySQL\MySQL Shell 8.0\bin\;C:\Users\katal\AppData\Local\Microsoft\WindowsApps;C:\Users\katal\AppData\Local\Programs\Microsoft VS Code\bin;C:\Users\katal\AppData\Roaming\npm
USERNAME=katal
OS=Windows_NT
PROCESSOR_IDENTIFIER=Intel64 Family 6 Model 154 Stepping 3, GenuineIntel
TMP=C:\Users\katal\AppData\Local\Temp
TEMP=C:\Users\katal\AppData\Local\Temp




Periodic native trim disabled

---------------  S Y S T E M  ---------------

OS:
 Windows 11 , 64 bit Build 26100 (10.0.26100.7920)
OS uptime: 3 days 1:42 hours
Hyper-V role detected

CPU: total 20 (initial active 20) (10 cores per cpu, 2 threads per core) family 6 model 154 stepping 3 microcode 0x437, cx8, cmov, fxsr, ht, mmx, 3dnowpref, sse, sse2, sse3, ssse3, sse4.1, sse4.2, popcnt, lzcnt, tsc, tscinvbit, avx, avx2, aes, erms, clmul, bmi1, bmi2, adx, sha, fma, vzeroupper, clflush, clflushopt, clwb, hv, serialize, rdtscp, rdpid, fsrm, f16c, cet_ibt, cet_ss
Processor Information for processor 0
  Max Mhz: 2300, Current Mhz: 2300, Mhz Limit: 2300
Processor Information for processor 1
  Max Mhz: 2300, Current Mhz: 2300, Mhz Limit: 2300
Processor Information for processor 2
  Max Mhz: 2300, Current Mhz: 2300, Mhz Limit: 2300
Processor Information for processor 3
  Max Mhz: 2300, Current Mhz: 2300, Mhz Limit: 2300
Processor Information for processor 4
  Max Mhz: 2300, Current Mhz: 1506, Mhz Limit: 2300
Processor Information for processor 5
  Max Mhz: 2300, Current Mhz: 2300, Mhz Limit: 2300
Processor Information for processor 6
  Max Mhz: 2300, Current Mhz: 1506, Mhz Limit: 2300
Processor Information for processor 7
  Max Mhz: 2300, Current Mhz: 1506, Mhz Limit: 2300
Processor Information for processor 8
  Max Mhz: 2300, Current Mhz: 1506, Mhz Limit: 2300
Processor Information for processor 9
  Max Mhz: 2300, Current Mhz: 1506, Mhz Limit: 2300
Processor Information for processor 10
  Max Mhz: 2300, Current Mhz: 1506, Mhz Limit: 2300
Processor Information for processor 11
  Max Mhz: 2300, Current Mhz: 2300, Mhz Limit: 2300
Processor Information for processor 12
  Max Mhz: 2300, Current Mhz: 2300, Mhz Limit: 2300
Processor Information for processor 13
  Max Mhz: 2300, Current Mhz: 1488, Mhz Limit: 2300
Processor Information for processor 14
  Max Mhz: 2300, Current Mhz: 1488, Mhz Limit: 2300
Processor Information for processor 15
  Max Mhz: 2300, Current Mhz: 2300, Mhz Limit: 2300
Processor Information for processor 16
  Max Mhz: 2300, Current Mhz: 2300, Mhz Limit: 2300
Processor Information for processor 17
  Max Mhz: 2300, Current Mhz: 2300, Mhz Limit: 2300
Processor Information for processor 18
  Max Mhz: 2300, Current Mhz: 2300, Mhz Limit: 2300
Processor Information for processor 19
  Max Mhz: 2300, Current Mhz: 1488, Mhz Limit: 2300

Memory: 4k page, system-wide physical 16068M (445M free)
TotalPageFile size 65220M (AvailPageFile size 2M)
current process WorkingSet (physical memory assigned to process): 42M, peak: 418M
current process commit charge ("private bytes"): 391M, peak: 473M

vm_info: Java HotSpot(TM) 64-Bit Server VM (21.0.8+12-LTS-250) for windows-amd64 JRE (21.0.8+12-LTS-250), built on 2025-06-27T08:11:22Z by "mach5one" with MS VC++ 17.6 (VS2022)

END.
